<?xml version="1.0" encoding="UTF-8"?>
<!-- Generated by org.testng.reporters.JUnitReportReporter -->
<testsuite hostname="hostDEV" name="com.demo.qa.testcases.LoginTest" tests="1" failures="0" timestamp="16 Jul 2018 23:10:54 GMT" time="0.015" errors="0">
  <testcase name="loginTest" time="0.015" classname="com.demo.qa.testcases.LoginTest"/>
</testsuite> <!-- com.demo.qa.testcases.LoginTest -->
