<?xml version="1.0" encoding="UTF-8"?>
<!-- Generated by org.testng.reporters.JUnitReportReporter -->
<testsuite hostname="hostDEV" name="com.demo.qa.testcases.LoginTest1" tests="1" failures="0" timestamp="2 Aug 2018 20:02:55 GMT" time="0.001" errors="0">
  <testcase name="loginTest" time="0.001" classname="com.demo.qa.testcases.LoginTest1"/>
</testsuite> <!-- com.demo.qa.testcases.LoginTest1 -->
