<?xml version="1.0" encoding="UTF-8"?>
<!-- Generated by org.testng.reporters.JUnitReportReporter -->
<testsuite hostname="hostDEV" name="com.demo.qa.testcases.LoginTest" tests="1" failures="0" timestamp="17 Jul 2018 04:51:53 GMT" time="0.019" errors="0">
  <testcase name="loginTest" time="0.019" classname="com.demo.qa.testcases.LoginTest"/>
</testsuite> <!-- com.demo.qa.testcases.LoginTest -->
